This is pdfTeX, Version 3.14159265-2.6-1.40.18 (TeX Live 2017/Debian) (preloaded format=pdflatex 2019.7.10)  25 JUL 2019 18:23
entering extended mode
 restricted \write18 enabled.
 %&-line parsing enabled.
**sampleThesis.tex
(./sampleThesis.tex
LaTeX2e <2017-04-15>
Babel <3.18> and hyphenation patterns for 84 language(s) loaded.
(/usr/share/texlive/texmf-dist/tex/latex/base/book.cls
Document Class: book 2014/09/29 v1.4h Standard LaTeX document class
(/usr/share/texlive/texmf-dist/tex/latex/base/bk11.clo
File: bk11.clo 2014/09/29 v1.4h Standard LaTeX file (size option)
)
\c@part=\count79
\c@chapter=\count80
\c@section=\count81
\c@subsection=\count82
\c@subsubsection=\count83
\c@paragraph=\count84
\c@subparagraph=\count85
\c@figure=\count86
\c@table=\count87
\abovecaptionskip=\skip41
\belowcaptionskip=\skip42
\bibindent=\dimen102
)
(/usr/share/texlive/texmf-dist/tex/latex/graphics/graphicx.sty
Package: graphicx 2017/06/01 v1.1a Enhanced LaTeX Graphics (DPC,SPQR)

(/usr/share/texlive/texmf-dist/tex/latex/graphics/keyval.sty
Package: keyval 2014/10/28 v1.15 key=value parser (DPC)
\KV@toks@=\toks14
)
(/usr/share/texlive/texmf-dist/tex/latex/graphics/graphics.sty
Package: graphics 2017/06/25 v1.2c Standard LaTeX Graphics (DPC,SPQR)

(/usr/share/texlive/texmf-dist/tex/latex/graphics/trig.sty
Package: trig 2016/01/03 v1.10 sin cos tan (DPC)
)
(/usr/share/texlive/texmf-dist/tex/latex/graphics-cfg/graphics.cfg
File: graphics.cfg 2016/06/04 v1.11 sample graphics configuration
)
Package graphics Info: Driver file: pdftex.def on input line 99.

(/usr/share/texlive/texmf-dist/tex/latex/graphics-def/pdftex.def
File: pdftex.def 2018/01/08 v1.0l Graphics/color driver for pdftex
))
\Gin@req@height=\dimen103
\Gin@req@width=\dimen104
)
(./iiit_thesis.sty
*******************************************************************
** UIUC Thesis Style File, version 1.1, Nov 1995 by Fred Geiger 
** Based On UTTHESIS.STY, Written by Dinesh Das 
** Dept. of Computer Sciences, The University of Texas at Austin 
*******************************************************************
(/usr/share/texlive/texmf-dist/tex/latex/base/ifthen.sty
Package: ifthen 2014/09/29 v1.1c Standard LaTeX ifthen package (DPC)
)
\hour=\count88
\minute=\count89
\wwwy=\count90
\wwwm=\count91
\wwwd=\count92
\wwwc=\count93
\wwwt=\count94
\wwws=\count95
)
(/usr/share/texlive/texmf-dist/tex/latex/adjustbox/adjustbox.sty
Package: adjustbox 2012/05/21 v1.0 Adjusting TeX boxes (trim, clip, ...)

(/usr/share/texlive/texmf-dist/tex/latex/xkeyval/xkeyval.sty
Package: xkeyval 2014/12/03 v2.7a package option processing (HA)

(/usr/share/texlive/texmf-dist/tex/generic/xkeyval/xkeyval.tex
(/usr/share/texlive/texmf-dist/tex/generic/xkeyval/xkvutils.tex
\XKV@toks=\toks15
\XKV@tempa@toks=\toks16
)
\XKV@depth=\count96
File: xkeyval.tex 2014/12/03 v2.7a key=value parser (HA)
))
(/usr/share/texlive/texmf-dist/tex/latex/adjustbox/adjcalc.sty
Package: adjcalc 2012/05/16 v1.1 Provides advanced setlength with multiple back
-ends (calc, etex, pgfmath)
)
(/usr/share/texlive/texmf-dist/tex/latex/adjustbox/trimclip.sty
Package: trimclip 2012/05/16 v1.0 Trim and clip general TeX material

(/usr/share/texlive/texmf-dist/tex/latex/collectbox/collectbox.sty
Package: collectbox 2012/05/17 v0.4b Collect macro arguments as boxes
\collectedbox=\box26
)
\tc@llx=\dimen105
\tc@lly=\dimen106
\tc@urx=\dimen107
\tc@ury=\dimen108
Package trimclip Info: Using driver 'tc-pdftex.def'.

(/usr/share/texlive/texmf-dist/tex/latex/adjustbox/tc-pdftex.def
File: tc-pdftex.def 2012/05/13 v1.0 Clipping driver for pdftex
))
\adjbox@Width=\dimen109
\adjbox@Height=\dimen110
\adjbox@Depth=\dimen111
\adjbox@Totalheight=\dimen112

(/usr/share/texlive/texmf-dist/tex/latex/ifoddpage/ifoddpage.sty
Package: ifoddpage 2016/04/23 v1.1 Conditionals for odd/even page detection
\c@checkoddpage=\count97
)
(/usr/share/texlive/texmf-dist/tex/latex/varwidth/varwidth.sty
Package: varwidth 2009/03/30 ver 0.92;  Variable-width minipages
\@vwid@box=\box27
\sift@deathcycles=\count98
\@vwid@loff=\dimen113
\@vwid@roff=\dimen114
))
(/usr/share/texlive/texmf-dist/tex/latex/tools/afterpage.sty
Package: afterpage 2014/10/28 v1.08 After-Page Package (DPC)
\AP@output=\toks17
\AP@partial=\box28
\AP@footins=\box29
)
(/usr/share/texlive/texmf-dist/tex/latex/amsfonts/amssymb.sty
Package: amssymb 2013/01/14 v3.01 AMS font symbols

(/usr/share/texlive/texmf-dist/tex/latex/amsfonts/amsfonts.sty
Package: amsfonts 2013/01/14 v3.01 Basic AMSFonts support
\@emptytoks=\toks18
\symAMSa=\mathgroup4
\symAMSb=\mathgroup5
LaTeX Font Info:    Overwriting math alphabet `\mathfrak' in version `bold'
(Font)                  U/euf/m/n --> U/euf/b/n on input line 106.
))
(/usr/share/texlive/texmf-dist/tex/latex/amsmath/amsmath.sty
Package: amsmath 2017/09/02 v2.17a AMS math features
\@mathmargin=\skip43

For additional information on amsmath, use the `?' option.
(/usr/share/texlive/texmf-dist/tex/latex/amsmath/amstext.sty
Package: amstext 2000/06/29 v2.01 AMS text

(/usr/share/texlive/texmf-dist/tex/latex/amsmath/amsgen.sty
File: amsgen.sty 1999/11/30 v2.0 generic functions
\@emptytoks=\toks19
\ex@=\dimen115
))
(/usr/share/texlive/texmf-dist/tex/latex/amsmath/amsbsy.sty
Package: amsbsy 1999/11/29 v1.2d Bold Symbols
\pmbraise@=\dimen116
)
(/usr/share/texlive/texmf-dist/tex/latex/amsmath/amsopn.sty
Package: amsopn 2016/03/08 v2.02 operator names
)
\inf@bad=\count99
LaTeX Info: Redefining \frac on input line 213.
\uproot@=\count100
\leftroot@=\count101
LaTeX Info: Redefining \overline on input line 375.
\classnum@=\count102
\DOTSCASE@=\count103
LaTeX Info: Redefining \ldots on input line 472.
LaTeX Info: Redefining \dots on input line 475.
LaTeX Info: Redefining \cdots on input line 596.
\Mathstrutbox@=\box30
\strutbox@=\box31
\big@size=\dimen117
LaTeX Font Info:    Redeclaring font encoding OML on input line 712.
LaTeX Font Info:    Redeclaring font encoding OMS on input line 713.
\macc@depth=\count104
\c@MaxMatrixCols=\count105
\dotsspace@=\muskip10
\c@parentequation=\count106
\dspbrk@lvl=\count107
\tag@help=\toks20
\row@=\count108
\column@=\count109
\maxfields@=\count110
\andhelp@=\toks21
\eqnshift@=\dimen118
\alignsep@=\dimen119
\tagshift@=\dimen120
\tagwidth@=\dimen121
\totwidth@=\dimen122
\lineht@=\dimen123
\@envbody=\toks22
\multlinegap=\skip44
\multlinetaggap=\skip45
\mathdisplay@stack=\toks23
LaTeX Info: Redefining \[ on input line 2817.
LaTeX Info: Redefining \] on input line 2818.
)
(/usr/share/texlive/texmf-dist/tex/latex/tools/array.sty
Package: array 2016/10/06 v2.4d Tabular extension package (FMi)
\col@sep=\dimen124
\extrarowheight=\dimen125
\NC@list=\toks24
\extratabsurround=\skip46
\backup@length=\skip47
)
(/usr/share/texlive/texmf-dist/tex/latex/bbm-macros/bbm.sty
Package: bbm 1999/03/15 V 1.2 provides fonts for set symbols - TH
LaTeX Font Info:    Overwriting math alphabet `\mathbbm' in version `bold'
(Font)                  U/bbm/m/n --> U/bbm/bx/n on input line 33.
LaTeX Font Info:    Overwriting math alphabet `\mathbbmss' in version `bold'
(Font)                  U/bbmss/m/n --> U/bbmss/bx/n on input line 35.
)
(/usr/share/texlive/texmf-dist/tex/latex/breqn/breqn.sty
(/usr/share/texlive/texmf-dist/tex/latex/l3kernel/expl3.sty
Package: expl3 2018/02/21 L3 programming layer (loader) 

(/usr/share/texlive/texmf-dist/tex/latex/l3kernel/expl3-code.tex
Package: expl3 2018/02/21 L3 programming layer (code)
\c_max_int=\count111
\l_tmpa_int=\count112
\l_tmpb_int=\count113
\g_tmpa_int=\count114
\g_tmpb_int=\count115
\g__intarray_font_int=\count116
\g__prg_map_int=\count117
\c_log_iow=\count118
\l_iow_line_count_int=\count119
\l__iow_line_target_int=\count120
\l__iow_one_indent_int=\count121
\l__iow_indent_int=\count122
\c_zero_dim=\dimen126
\c_max_dim=\dimen127
\l_tmpa_dim=\dimen128
\l_tmpb_dim=\dimen129
\g_tmpa_dim=\dimen130
\g_tmpb_dim=\dimen131
\c_zero_skip=\skip48
\c_max_skip=\skip49
\l_tmpa_skip=\skip50
\l_tmpb_skip=\skip51
\g_tmpa_skip=\skip52
\g_tmpb_skip=\skip53
\c_zero_muskip=\muskip11
\c_max_muskip=\muskip12
\l_tmpa_muskip=\muskip13
\l_tmpb_muskip=\muskip14
\g_tmpa_muskip=\muskip15
\g_tmpb_muskip=\muskip16
\l_keys_choice_int=\count123
\c__fp_leading_shift_int=\count124
\c__fp_middle_shift_int=\count125
\c__fp_trailing_shift_int=\count126
\c__fp_big_leading_shift_int=\count127
\c__fp_big_middle_shift_int=\count128
\c__fp_big_trailing_shift_int=\count129
\c__fp_Bigg_leading_shift_int=\count130
\c__fp_Bigg_middle_shift_int=\count131
\c__fp_Bigg_trailing_shift_int=\count132
\c__fp_rand_size_int=\count133
\c__fp_rand_four_int=\count134
\c__fp_rand_eight_int=\count135
\l__sort_length_int=\count136
\l__sort_min_int=\count137
\l__sort_top_int=\count138
\l__sort_max_int=\count139
\l__sort_true_max_int=\count140
\l__sort_block_int=\count141
\l__sort_begin_int=\count142
\l__sort_end_int=\count143
\l__sort_A_int=\count144
\l__sort_B_int=\count145
\l__sort_C_int=\count146
\l__tl_build_start_index_int=\count147
\l__tl_build_index_int=\count148
\l__tl_analysis_normal_int=\count149
\l__tl_analysis_index_int=\count150
\l__tl_analysis_nesting_int=\count151
\l__tl_analysis_type_int=\count152
\l__regex_internal_a_int=\count153
\l__regex_internal_b_int=\count154
\l__regex_internal_c_int=\count155
\l__regex_balance_int=\count156
\l__regex_group_level_int=\count157
\l__regex_mode_int=\count158
\c__regex_cs_in_class_mode_int=\count159
\c__regex_cs_mode_int=\count160
\l__regex_catcodes_int=\count161
\l__regex_default_catcodes_int=\count162
\c__regex_catcode_D_int=\count163
\c__regex_catcode_S_int=\count164
\c__regex_catcode_L_int=\count165
\c__regex_catcode_O_int=\count166
\c__regex_catcode_A_int=\count167
\c__regex_all_catcodes_int=\count168
\l__regex_show_lines_int=\count169
\l__regex_min_state_int=\count170
\l__regex_max_state_int=\count171
\l__regex_left_state_int=\count172
\l__regex_right_state_int=\count173
\l__regex_capturing_group_int=\count174
\l__regex_min_pos_int=\count175
\l__regex_max_pos_int=\count176
\l__regex_curr_pos_int=\count177
\l__regex_start_pos_int=\count178
\l__regex_success_pos_int=\count179
\l__regex_curr_char_int=\count180
\l__regex_curr_catcode_int=\count181
\l__regex_last_char_int=\count182
\l__regex_case_changed_char_int=\count183
\l__regex_curr_state_int=\count184
\l__regex_step_int=\count185
\l__regex_min_active_int=\count186
\l__regex_max_active_int=\count187
\l__regex_replacement_csnames_int=\count188
\l__regex_match_count_int=\count189
\l__regex_min_submatch_int=\count190
\l__regex_submatch_int=\count191
\l__regex_zeroth_submatch_int=\count192
\g__regex_trace_regex_int=\count193
\c_empty_box=\box32
\l_tmpa_box=\box33
\l_tmpb_box=\box34
\g_tmpa_box=\box35
\g_tmpb_box=\box36
\l__box_top_dim=\dimen132
\l__box_bottom_dim=\dimen133
\l__box_left_dim=\dimen134
\l__box_right_dim=\dimen135
\l__box_top_new_dim=\dimen136
\l__box_bottom_new_dim=\dimen137
\l__box_left_new_dim=\dimen138
\l__box_right_new_dim=\dimen139
\l__box_internal_box=\box37
\l__coffin_internal_box=\box38
\l__coffin_internal_dim=\dimen140
\l__coffin_offset_x_dim=\dimen141
\l__coffin_offset_y_dim=\dimen142
\l__coffin_x_dim=\dimen143
\l__coffin_y_dim=\dimen144
\l__coffin_x_prime_dim=\dimen145
\l__coffin_y_prime_dim=\dimen146
\c_empty_coffin=\box39
\l__coffin_aligned_coffin=\box40
\l__coffin_aligned_internal_coffin=\box41
\l_tmpa_coffin=\box42
\l_tmpb_coffin=\box43
\l__coffin_display_coffin=\box44
\l__coffin_display_coord_coffin=\box45
\l__coffin_display_pole_coffin=\box46
\l__coffin_display_offset_dim=\dimen147
\l__coffin_display_x_dim=\dimen148
\l__coffin_display_y_dim=\dimen149
\l__coffin_bounding_shift_dim=\dimen150
\l__coffin_left_corner_dim=\dimen151
\l__coffin_right_corner_dim=\dimen152
\l__coffin_bottom_corner_dim=\dimen153
\l__coffin_top_corner_dim=\dimen154
\l__coffin_scaled_total_height_dim=\dimen155
\l__coffin_scaled_width_dim=\dimen156
)
(/usr/share/texlive/texmf-dist/tex/latex/l3kernel/l3pdfmode.def
File: l3pdfmode.def 2017/03/18 v L3 Experimental driver: PDF mode
\l__driver_color_stack_int=\count194
\l__driver_tmp_box=\box47
))
Package: breqn 2017/01/27 v0.98e Breaking equations

(/usr/share/texlive/texmf-dist/tex/latex/breqn/flexisym.sty
Package: flexisym 2017/01/27 v0.98e Make math characters macros
LaTeX Info: Redefining \textprime on input line 300.
LaTeX Info: Redefining \not on input line 358.

(/usr/share/texlive/texmf-dist/tex/latex/breqn/cmbase.sym
File: cmbase.sym 2007/12/19 v0.92
LaTeX Info: Redefining \hbar on input line 325.
LaTeX Info: Redefining \surd on input line 327.
LaTeX Info: Redefining \angle on input line 335.
LaTeX Info: Redefining \neq on input line 336.
LaTeX Info: Redefining \mapsto on input line 337.
LaTeX Info: Redefining \cong on input line 338.
LaTeX Info: Redefining \notin on input line 341.
LaTeX Info: Redefining \rightleftharpoons on input line 342.
LaTeX Info: Redefining \doteq on input line 343.
LaTeX Info: Redefining \hookrightarrow on input line 344.
LaTeX Info: Redefining \hookleftarrow on input line 345.
LaTeX Info: Redefining \bowtie on input line 346.
LaTeX Info: Redefining \models on input line 347.
LaTeX Info: Redefining \Longrightarrow on input line 348.
LaTeX Info: Redefining \longrightarrow on input line 349.
LaTeX Info: Redefining \Longleftarrow on input line 350.
LaTeX Info: Redefining \longleftarrow on input line 351.
LaTeX Info: Redefining \longmapsto on input line 352.
LaTeX Info: Redefining \longleftrightarrow on input line 353.
LaTeX Info: Redefining \Longleftrightarrow on input line 354.
LaTeX Info: Redefining \cdots on input line 358.
LaTeX Info: Redefining \vdots on input line 361.
LaTeX Info: Redefining \ddots on input line 366.
)
(/usr/share/texlive/texmf-dist/tex/latex/breqn/mathstyle.sty
Package: mathstyle 2017/01/27 0.98e Tracking mathstyle implicitly
LaTeX Info: Redefining \displaystyle on input line 93.
LaTeX Info: Redefining \textstyle on input line 95.
LaTeX Info: Redefining \scriptstyle on input line 97.
LaTeX Info: Redefining \scriptscriptstyle on input line 99.
LaTeX Info: Redefining \genfrac on input line 145.
))
(/usr/share/texlive/texmf-dist/tex/latex/tools/calc.sty
Package: calc 2014/10/28 v4.3 Infix arithmetic (KKT,FJ)
\calc@Acount=\count195
\calc@Bcount=\count196
\calc@Adimen=\dimen157
\calc@Bdimen=\dimen158
\calc@Askip=\skip54
\calc@Bskip=\skip55
LaTeX Info: Redefining \setlength on input line 80.
LaTeX Info: Redefining \addtolength on input line 81.
\calc@Ccount=\count197
\calc@Cskip=\skip56
)
\inf@bad=\count198
\maxint=\count199
\listwidth=\dimen159
\eqnumsep=\dimen160
\eqmargin=\dimen161
\eqlinespacing=\skip57
\eqlineskip=\skip58
\eqlineskiplimit=\dimen162
\eqbinoffset=\muskip17
\eqdelimoffset=\muskip18
\eqindentstep=\dimen163
\eqstyle=\toks25
\eqbreakdepth=\count266
\eqinterlinepenalty=\count267
\intereqpenalty=\count268
\intereqskip=\skip59
\prerelpenalty=\count269
\prebinoppenalty=\count270
\Dmedmuskip=\muskip19
\Dthickmuskip=\muskip20
\eqleftskip=\skip60
\eqrightskip=\skip61
\eq@vspan=\skip62
\eq@binoffset=\muskip21
\EQ@box=\box48
\EQ@copy=\box49
\EQ@numbox=\box50
\eq@wdNum=\dimen164
\GRP@numbox=\box51
\grp@wdNum=\dimen165
\eq@lines=\count271
\eq@curline=\count272
\eq@badness=\count273
\EQ@vims=\count274
\eq@dp=\dimen166
\eq@wdL=\dimen167
\eq@wdT=\dimen168
\eq@wdMin=\dimen169
\grp@wdL=\dimen170
\grp@wdR=\dimen171
\grp@wdT=\dimen172
\eq@wdRmax=\dimen173
\eq@firstht=\dimen174
\eq@wdCond=\dimen175
\eq@indentstep=\dimen176
\eq@linewidth=\dimen177
\grp@linewidth=\dimen178
\eq@hshift=\dimen179
\eq@given@sidespace=\dimen180
\mathindent=\dimen181
\eq@final@linecount=\count275
\eq@wdR=\dimen182
\EQ@continue=\toks26
\lr@level=\count276
\GRP@queue=\toks27
\GRP@box=\box52
\GRP@wholebox=\box53
\darraycolsep=\skip63
\cur@row=\count277
\cur@col=\count278
\conditionsep=\skip64
)
(/usr/share/texlive/texmf-dist/tex/latex/caption/caption.sty
Package: caption 2016/02/21 v3.3-144 Customizing captions (AR)

(/usr/share/texlive/texmf-dist/tex/latex/caption/caption3.sty
Package: caption3 2016/05/22 v1.7-166 caption3 kernel (AR)
Package caption3 Info: TeX engine: e-TeX on input line 67.
\captionmargin=\dimen183
\captionmargin@=\dimen184
\captionwidth=\dimen185
\caption@tempdima=\dimen186
\caption@indent=\dimen187
\caption@parindent=\dimen188
\caption@hangindent=\dimen189
Package caption Info: Unknown document class (or package),
(caption)             standard defaults will be used.
)

Package caption Warning: Unsupported document class (or package) detected,
(caption)                usage of the caption package is not recommended.
See the caption package documentation for explanation.

Package caption Info: \@makecaption = \long macro:#1#2->\vskip \abovecaptionski
p \sbox \@tempboxa {\textbf {#1} #2}\ifdim \wd \@tempboxa >\hsize \textbf {#1} 
#2\par \else \hbox to\hsize {\hfil \box \@tempboxa \hfil }\fi \vskip \belowcapt
ionskip .
\c@ContinuedFloat=\count279
) (/usr/share/texlive/texmf-dist/tex/latex/changepage/changepage.sty
Package: changepage 2009/10/20 v1.0c check page and change page layout
\c@cp@cntr=\count280
\cp@tempcnt=\count281
LaTeX Info: Redefining \checkoddpage on input line 59.
)
(/usr/share/texlive/texmf-dist/tex/latex/diagbox/diagbox.sty
Package: diagbox 2016/12/28 v2.2 Making table heads with diagonal lines

(/usr/share/texlive/texmf-dist/tex/latex/pict2e/pict2e.sty
Package: pict2e 2016/02/05 v0.3b Improved picture commands (HjG,RN,JT)

(/usr/share/texlive/texmf-dist/tex/latex/pict2e/pict2e.cfg
File: pict2e.cfg 2016/02/05 v0.1u pict2e configuration for teTeX/TeXLive
)
Package pict2e Info: Driver file: pdftex.def on input line 119.
Package pict2e Info: Driver file for pict2e: p2e-pdftex.def on input line 121.

(/usr/share/texlive/texmf-dist/tex/latex/pict2e/p2e-pdftex.def
File: p2e-pdftex.def 2016/02/05 v0.1u Driver-dependant file (RN,HjG,JT)
)
\pIIe@GRAPH=\toks28
\@arclen=\dimen190
\@arcrad=\dimen191
\@tempdimd=\dimen192
)
(/usr/share/texlive/texmf-dist/tex/latex/fp/fp.sty
Package: fp 1995/04/02

`Fixed Point Package', Version 0.8, April 2, 1995 (C) Michael Mehlich
(/usr/share/texlive/texmf-dist/tex/latex/fp/defpattern.sty
Package: defpattern 1994/10/12
\actioncount=\count282
)
(/usr/share/texlive/texmf-dist/tex/latex/fp/fp-basic.sty
Package: fp-basic 1996/05/13
\FP@xs=\count283
\FP@xia=\count284
\FP@xib=\count285
\FP@xfa=\count286
\FP@xfb=\count287
\FP@rega=\count288
\FP@regb=\count289
\FP@regs=\count290
\FP@times=\count291
)
(/usr/share/texlive/texmf-dist/tex/latex/fp/fp-addons.sty
Package: fp-addons 1995/03/15
)
(/usr/share/texlive/texmf-dist/tex/latex/fp/fp-snap.sty
Package: fp-snap 1995/04/05
)
(/usr/share/texlive/texmf-dist/tex/latex/fp/fp-exp.sty
Package: fp-exp 1995/04/03
)
(/usr/share/texlive/texmf-dist/tex/latex/fp/fp-trigo.sty
Package: fp-trigo 1995/04/14
)
(/usr/share/texlive/texmf-dist/tex/latex/fp/fp-pas.sty
Package: fp-pas 1994/08/29
)
(/usr/share/texlive/texmf-dist/tex/latex/fp/fp-random.sty
Package: fp-random 1995/02/23
\FPseed=\count292
)
(/usr/share/texlive/texmf-dist/tex/latex/fp/fp-eqn.sty
Package: fp-eqn 1995/04/03
)
(/usr/share/texlive/texmf-dist/tex/latex/fp/fp-upn.sty
Package: fp-upn 1996/10/21
)
(/usr/share/texlive/texmf-dist/tex/latex/fp/fp-eval.sty
Package: fp-eval 1995/04/03
))
\diagbox@boxa=\box54
\diagbox@boxb=\box55
\diagbox@boxm=\box56
\diagbox@wd=\dimen193
\diagbox@ht=\dimen194
\diagbox@insepl=\dimen195
\diagbox@insepr=\dimen196
\diagbox@outsepl=\dimen197
\diagbox@outsepr=\dimen198
)
(/usr/share/texlive/texmf-dist/tex/latex/caption/subcaption.sty
Package: subcaption 2016/05/22 v1.1-161 Sub-captions (AR)
\c@subfigure=\count293
\c@subtable=\count294
)
(/usr/share/texlive/texmf-dist/tex/latex/cite/cite.sty
LaTeX Info: Redefining \cite on input line 302.
LaTeX Info: Redefining \nocite on input line 332.
Package: cite 2015/02/27  v 5.5
)
(/usr/share/texlive/texmf-dist/tex/latex/psnfss/courier.sty
Package: courier 2005/04/12 PSNFSS-v9.2a (WaS) 
)
(/usr/share/texlive/texmf-dist/tex/latex/algorithms/algorithm.sty
Package: algorithm 2009/08/24 v0.1 Document Style `algorithm' - floating enviro
nment

(/usr/share/texlive/texmf-dist/tex/latex/float/float.sty
Package: float 2001/11/08 v1.3d Float enhancements (AL)
\c@float@type=\count295
\float@exts=\toks29
\float@box=\box57
\@float@everytoks=\toks30
\@floatcapt=\box58
)
\@float@every@algorithm=\toks31
\c@algorithm=\count296
)
(/usr/share/texlive/texmf-dist/tex/latex/algorithmicx/algpseudocode.sty
Package: algpseudocode 

(/usr/share/texlive/texmf-dist/tex/latex/algorithmicx/algorithmicx.sty
Package: algorithmicx 2005/04/27 v1.2 Algorithmicx

Document Style algorithmicx 1.2 - a greatly improved `algorithmic' style
\c@ALG@line=\count297
\c@ALG@rem=\count298
\c@ALG@nested=\count299
\ALG@tlm=\skip65
\ALG@thistlm=\skip66
\c@ALG@Lnr=\count300
\c@ALG@blocknr=\count301
\c@ALG@storecount=\count302
\c@ALG@tmpcounter=\count303
\ALG@tmplength=\skip67
)
Document Style - pseudocode environments for use with the `algorithmicx' style
) (/usr/share/texlive/texmf-dist/tex/latex/dblfloatfix/dblfloatfix.sty
Package: dblfloatfix 2012/12/31 v1.0a (JAW)

(/usr/share/texlive/texmf-dist/tex/latex/base/fixltx2e.sty
Package: fixltx2e 2016/12/29 v2.1a fixes to LaTeX (obsolete)
Applying: [2015/01/01] Old fixltx2e package on input line 46.


Package fixltx2e Warning: fixltx2e is not required with releases after 2015
(fixltx2e)                All fixes are now in the LaTeX kernel.
(fixltx2e)                See the latexrelease package for details.

Already applied: [0000/00/00] Old fixltx2e package on input line 53.
)
\@dblbotnum=\count304
\c@dblbotnumber=\count305
) (/usr/share/texlive/texmf-dist/tex/latex/dirtytalk/dirtytalk.sty
Package: dirtytalk 2010/11/21 A package making "quoting" easier

(/usr/share/texlive/texmf-dist/tex/latex/oberdiek/kvoptions.sty
Package: kvoptions 2016/05/16 v3.12 Key value format for package options (HO)

(/usr/share/texlive/texmf-dist/tex/generic/oberdiek/ltxcmds.sty
Package: ltxcmds 2016/05/16 v1.23 LaTeX kernel commands for general use (HO)
)
(/usr/share/texlive/texmf-dist/tex/generic/oberdiek/kvsetkeys.sty
Package: kvsetkeys 2016/05/16 v1.17 Key value parser (HO)

(/usr/share/texlive/texmf-dist/tex/generic/oberdiek/infwarerr.sty
Package: infwarerr 2016/05/16 v1.4 Providing info/warning/error messages (HO)
)
(/usr/share/texlive/texmf-dist/tex/generic/oberdiek/etexcmds.sty
Package: etexcmds 2016/05/16 v1.6 Avoid name clashes with e-TeX commands (HO)

(/usr/share/texlive/texmf-dist/tex/generic/oberdiek/ifluatex.sty
Package: ifluatex 2016/05/16 v1.4 Provides the ifluatex switch (HO)
Package ifluatex Info: LuaTeX not detected.
)
Package etexcmds Info: Could not find \expanded.
(etexcmds)             That can mean that you are not using pdfTeX 1.50 or
(etexcmds)             that some package has redefined \expanded.
(etexcmds)             In the latter case, load this package earlier.
)))
\c@dirtytalk@qdepth=\count306
)
(/usr/share/texlive/texmf-dist/tex/latex/doublestroke/dsfont.sty
Package: dsfont 1995/08/01 v0.1 Double stroke roman fonts
)
\c@theorem=\count307
\c@corollary=\count308

(/usr/share/texlive/texmf-dist/tex/latex/graphics/epsfig.sty
Package: epsfig 2017/06/25 v1.7b (e)psfig emulation (SPQR)
\epsfxsize=\dimen199
\epsfysize=\dimen256
)
(/usr/share/texlive/texmf-dist/tex/latex/psnfss/helvet.sty
Package: helvet 2005/04/12 PSNFSS-v9.2a (WaS) 
)
(/usr/share/texlive/texmf-dist/tex/latex/hyperref/hyperref.sty
Package: hyperref 2018/02/06 v6.86b Hypertext links for LaTeX

(/usr/share/texlive/texmf-dist/tex/generic/oberdiek/hobsub-hyperref.sty
Package: hobsub-hyperref 2016/05/16 v1.14 Bundle oberdiek, subset hyperref (HO)


(/usr/share/texlive/texmf-dist/tex/generic/oberdiek/hobsub-generic.sty
Package: hobsub-generic 2016/05/16 v1.14 Bundle oberdiek, subset generic (HO)
Package: hobsub 2016/05/16 v1.14 Construct package bundles (HO)
Package hobsub Info: Skipping package `infwarerr' (already loaded).
Package hobsub Info: Skipping package `ltxcmds' (already loaded).
Package hobsub Info: Skipping package `ifluatex' (already loaded).
Package: ifvtex 2016/05/16 v1.6 Detect VTeX and its facilities (HO)
Package ifvtex Info: VTeX not detected.
Package: intcalc 2016/05/16 v1.2 Expandable calculations with integers (HO)
Package: ifpdf 2017/03/15 v3.2 Provides the ifpdf switch
Package hobsub Info: Skipping package `etexcmds' (already loaded).
Package hobsub Info: Skipping package `kvsetkeys' (already loaded).
Package: kvdefinekeys 2016/05/16 v1.4 Define keys (HO)
Package: pdftexcmds 2018/01/21 v0.26 Utility functions of pdfTeX for LuaTeX (HO
)
Package pdftexcmds Info: LuaTeX not detected.
Package pdftexcmds Info: \pdf@primitive is available.
Package pdftexcmds Info: \pdf@ifprimitive is available.
Package pdftexcmds Info: \pdfdraftmode found.
Package: pdfescape 2016/05/16 v1.14 Implements pdfTeX's escape features (HO)
Package: bigintcalc 2016/05/16 v1.4 Expandable calculations on big integers (HO
)
Package: bitset 2016/05/16 v1.2 Handle bit-vector datatype (HO)
Package: uniquecounter 2016/05/16 v1.3 Provide unlimited unique counter (HO)
)
Package hobsub Info: Skipping package `hobsub' (already loaded).
Package: letltxmacro 2016/05/16 v1.5 Let assignment for LaTeX macros (HO)
Package: hopatch 2016/05/16 v1.3 Wrapper for package hooks (HO)
Package: xcolor-patch 2016/05/16 xcolor patch
Package: atveryend 2016/05/16 v1.9 Hooks at the very end of document (HO)
Package atveryend Info: \AP@enddocument detected (standard20110627).
Package: atbegshi 2016/06/09 v1.18 At begin shipout hook (HO)
Package: refcount 2016/05/16 v3.5 Data extraction from label references (HO)
Package: hycolor 2016/05/16 v1.8 Color options for hyperref/bookmark (HO)
)
(/usr/share/texlive/texmf-dist/tex/generic/ifxetex/ifxetex.sty
Package: ifxetex 2010/09/12 v0.6 Provides ifxetex conditional
)
(/usr/share/texlive/texmf-dist/tex/latex/oberdiek/auxhook.sty
Package: auxhook 2016/05/16 v1.4 Hooks for auxiliary files (HO)
)
\@linkdim=\dimen257
\Hy@linkcounter=\count309
\Hy@pagecounter=\count310

(/usr/share/texlive/texmf-dist/tex/latex/hyperref/pd1enc.def
File: pd1enc.def 2018/02/06 v6.86b Hyperref: PDFDocEncoding definition (HO)
)
\Hy@SavedSpaceFactor=\count311

(/usr/share/texlive/texmf-dist/tex/latex/latexconfig/hyperref.cfg
File: hyperref.cfg 2002/06/06 v1.2 hyperref configuration of TeXLive
)
Package hyperref Info: Hyper figures OFF on input line 4509.
Package hyperref Info: Link nesting OFF on input line 4514.
Package hyperref Info: Hyper index ON on input line 4517.
Package hyperref Info: Plain pages OFF on input line 4524.
Package hyperref Info: Backreferencing OFF on input line 4529.
Package hyperref Info: Implicit mode ON; LaTeX internals redefined.
Package hyperref Info: Bookmarks ON on input line 4762.
\c@Hy@tempcnt=\count312

(/usr/share/texlive/texmf-dist/tex/latex/url/url.sty
\Urlmuskip=\muskip22
Package: url 2013/09/16  ver 3.4  Verb mode for urls, etc.
)
LaTeX Info: Redefining \url on input line 5115.
\XeTeXLinkMargin=\dimen258
\Fld@menulength=\count313
\Field@Width=\dimen259
\Fld@charsize=\dimen260
Package hyperref Info: Hyper figures OFF on input line 6369.
Package hyperref Info: Link nesting OFF on input line 6374.
Package hyperref Info: Hyper index ON on input line 6377.
Package hyperref Info: backreferencing OFF on input line 6384.
Package hyperref Info: Link coloring OFF on input line 6389.
Package hyperref Info: Link coloring with OCG OFF on input line 6394.
Package hyperref Info: PDF/A mode OFF on input line 6399.
LaTeX Info: Redefining \ref on input line 6439.
LaTeX Info: Redefining \pageref on input line 6443.
\Hy@abspage=\count314
\c@Item=\count315
\c@Hfootnote=\count316
)
Package hyperref Info: Driver (autodetected): hpdftex.

(/usr/share/texlive/texmf-dist/tex/latex/hyperref/hpdftex.def
File: hpdftex.def 2018/02/06 v6.86b Hyperref driver for pdfTeX
\Fld@listcount=\count317
\c@bookmark@seq@number=\count318

(/usr/share/texlive/texmf-dist/tex/latex/oberdiek/rerunfilecheck.sty
Package: rerunfilecheck 2016/05/16 v1.8 Rerun checks for auxiliary files (HO)
Package uniquecounter Info: New unique counter `rerunfilecheck' on input line 2
82.
)
\Hy@SectionHShift=\skip68
)
(/usr/share/texlive/texmf-dist/tex/latex/base/latexsym.sty
Package: latexsym 1998/08/17 v2.2e Standard LaTeX package (lasy symbols)
\symlasy=\mathgroup6
LaTeX Font Info:    Overwriting symbol font `lasy' in version `bold'
(Font)                  U/lasy/m/n --> U/lasy/b/n on input line 52.
)
(/usr/share/texlive/texmf-dist/tex/latex/lipsum/lipsum.sty
Package: lipsum 2014/07/27 v1.3 150 paragraphs of Lorem Ipsum dummy text
\c@lips@count=\count319
)
(/usr/share/texlive/texmf-dist/tex/latex/tools/longtable.sty
Package: longtable 2014/10/28 v4.11 Multi-page Table package (DPC)
\LTleft=\skip69
\LTright=\skip70
\LTpre=\skip71
\LTpost=\skip72
\LTchunksize=\count320
\LTcapwidth=\dimen261
\LT@head=\box59
\LT@firsthead=\box60
\LT@foot=\box61
\LT@lastfoot=\box62
\LT@cols=\count321
\LT@rows=\count322
\c@LT@tables=\count323
\c@LT@chunks=\count324
\LT@p@ftn=\toks32
)
(/usr/share/texlive/texmf-dist/tex/latex/multirow/multirow.sty
Package: multirow 2016/11/25 v2.2 Span multiple rows of a table
\multirow@colwidth=\skip73
\multirow@cntb=\count325
\multirow@dima=\skip74
\bigstrutjot=\dimen262
)
(/usr/share/texlive/texmf-dist/tex/generic/genmisc/nth.sty
Package: nth 2002/02/27
)
(/usr/share/texlive/texmf-dist/tex/latex/placeins/placeins.sty
Package: placeins 2005/04/18  v 2.2
)
(/usr/share/texlive/texmf-dist/tex/latex/tabu/tabu.sty
Package: tabu 2011/02/26 v2.8 - flexible LaTeX tabulars (FC)
\c@taburow=\count326
\tabu@nbcols=\count327
\tabu@cnt=\count328
\tabu@Xcol=\count329
\tabu@alloc=\count330
\tabu@nested=\count331
\tabu@target=\dimen263
\tabu@spreadtarget=\dimen264
\tabu@naturalX=\dimen265
\tabucolX=\dimen266
\tabu@Xsum=\dimen267
\extrarowdepth=\dimen268
\abovetabulinesep=\dimen269
\belowtabulinesep=\dimen270
\tabustrutrule=\dimen271
\tabu@thebody=\toks33
\tabu@footnotes=\toks34
\tabu@box=\box63
\tabu@arstrutbox=\box64
\tabu@hleads=\box65
\tabu@vleads=\box66
\tabu@cellskip=\skip75
)
(/usr/share/texlive/texmf-dist/tex/latex/base/textcomp.sty
Package: textcomp 2017/04/05 v2.0i Standard LaTeX package
Package textcomp Info: Sub-encoding information:
(textcomp)               5 = only ISO-Adobe without \textcurrency
(textcomp)               4 = 5 + \texteuro
(textcomp)               3 = 4 + \textohm
(textcomp)               2 = 3 + \textestimated + \textcurrency
(textcomp)               1 = TS1 - \textcircled - \t
(textcomp)               0 = TS1 (full)
(textcomp)             Font families with sub-encoding setting implement
(textcomp)             only a restricted character set as indicated.
(textcomp)             Family '?' is the default used for unknown fonts.
(textcomp)             See the documentation for details.
Package textcomp Info: Setting ? sub-encoding to TS1/1 on input line 79.

(/usr/share/texlive/texmf-dist/tex/latex/base/ts1enc.def
File: ts1enc.def 2001/06/05 v3.0e (jk/car/fm) Standard LaTeX file
)
LaTeX Info: Redefining \oldstylenums on input line 334.
Package textcomp Info: Setting cmr sub-encoding to TS1/0 on input line 349.
Package textcomp Info: Setting cmss sub-encoding to TS1/0 on input line 350.
Package textcomp Info: Setting cmtt sub-encoding to TS1/0 on input line 351.
Package textcomp Info: Setting cmvtt sub-encoding to TS1/0 on input line 352.
Package textcomp Info: Setting cmbr sub-encoding to TS1/0 on input line 353.
Package textcomp Info: Setting cmtl sub-encoding to TS1/0 on input line 354.
Package textcomp Info: Setting ccr sub-encoding to TS1/0 on input line 355.
Package textcomp Info: Setting ptm sub-encoding to TS1/4 on input line 356.
Package textcomp Info: Setting pcr sub-encoding to TS1/4 on input line 357.
Package textcomp Info: Setting phv sub-encoding to TS1/4 on input line 358.
Package textcomp Info: Setting ppl sub-encoding to TS1/3 on input line 359.
Package textcomp Info: Setting pag sub-encoding to TS1/4 on input line 360.
Package textcomp Info: Setting pbk sub-encoding to TS1/4 on input line 361.
Package textcomp Info: Setting pnc sub-encoding to TS1/4 on input line 362.
Package textcomp Info: Setting pzc sub-encoding to TS1/4 on input line 363.
Package textcomp Info: Setting bch sub-encoding to TS1/4 on input line 364.
Package textcomp Info: Setting put sub-encoding to TS1/5 on input line 365.
Package textcomp Info: Setting uag sub-encoding to TS1/5 on input line 366.
Package textcomp Info: Setting ugq sub-encoding to TS1/5 on input line 367.
Package textcomp Info: Setting ul8 sub-encoding to TS1/4 on input line 368.
Package textcomp Info: Setting ul9 sub-encoding to TS1/4 on input line 369.
Package textcomp Info: Setting augie sub-encoding to TS1/5 on input line 370.
Package textcomp Info: Setting dayrom sub-encoding to TS1/3 on input line 371.
Package textcomp Info: Setting dayroms sub-encoding to TS1/3 on input line 372.

Package textcomp Info: Setting pxr sub-encoding to TS1/0 on input line 373.
Package textcomp Info: Setting pxss sub-encoding to TS1/0 on input line 374.
Package textcomp Info: Setting pxtt sub-encoding to TS1/0 on input line 375.
Package textcomp Info: Setting txr sub-encoding to TS1/0 on input line 376.
Package textcomp Info: Setting txss sub-encoding to TS1/0 on input line 377.
Package textcomp Info: Setting txtt sub-encoding to TS1/0 on input line 378.
Package textcomp Info: Setting lmr sub-encoding to TS1/0 on input line 379.
Package textcomp Info: Setting lmdh sub-encoding to TS1/0 on input line 380.
Package textcomp Info: Setting lmss sub-encoding to TS1/0 on input line 381.
Package textcomp Info: Setting lmssq sub-encoding to TS1/0 on input line 382.
Package textcomp Info: Setting lmvtt sub-encoding to TS1/0 on input line 383.
Package textcomp Info: Setting lmtt sub-encoding to TS1/0 on input line 384.
Package textcomp Info: Setting qhv sub-encoding to TS1/0 on input line 385.
Package textcomp Info: Setting qag sub-encoding to TS1/0 on input line 386.
Package textcomp Info: Setting qbk sub-encoding to TS1/0 on input line 387.
Package textcomp Info: Setting qcr sub-encoding to TS1/0 on input line 388.
Package textcomp Info: Setting qcs sub-encoding to TS1/0 on input line 389.
Package textcomp Info: Setting qpl sub-encoding to TS1/0 on input line 390.
Package textcomp Info: Setting qtm sub-encoding to TS1/0 on input line 391.
Package textcomp Info: Setting qzc sub-encoding to TS1/0 on input line 392.
Package textcomp Info: Setting qhvc sub-encoding to TS1/0 on input line 393.
Package textcomp Info: Setting futs sub-encoding to TS1/4 on input line 394.
Package textcomp Info: Setting futx sub-encoding to TS1/4 on input line 395.
Package textcomp Info: Setting futj sub-encoding to TS1/4 on input line 396.
Package textcomp Info: Setting hlh sub-encoding to TS1/3 on input line 397.
Package textcomp Info: Setting hls sub-encoding to TS1/3 on input line 398.
Package textcomp Info: Setting hlst sub-encoding to TS1/3 on input line 399.
Package textcomp Info: Setting hlct sub-encoding to TS1/5 on input line 400.
Package textcomp Info: Setting hlx sub-encoding to TS1/5 on input line 401.
Package textcomp Info: Setting hlce sub-encoding to TS1/5 on input line 402.
Package textcomp Info: Setting hlcn sub-encoding to TS1/5 on input line 403.
Package textcomp Info: Setting hlcw sub-encoding to TS1/5 on input line 404.
Package textcomp Info: Setting hlcf sub-encoding to TS1/5 on input line 405.
Package textcomp Info: Setting pplx sub-encoding to TS1/3 on input line 406.
Package textcomp Info: Setting pplj sub-encoding to TS1/3 on input line 407.
Package textcomp Info: Setting ptmx sub-encoding to TS1/4 on input line 408.
Package textcomp Info: Setting ptmj sub-encoding to TS1/4 on input line 409.
)
(/usr/share/texlive/texmf-dist/tex/latex/psnfss/times.sty
Package: times 2005/04/12 PSNFSS-v9.2a (SPQR) 
)
(/usr/share/texlive/texmf-dist/tex/latex/tools/xspace.sty
Package: xspace 2014/10/28 v1.13 Space after command names (DPC,MH)
) (./sampleThesis.aux

LaTeX Warning: Label `fig:alphabetaovertime' multiply defined.


LaTeX Warning: Label `alg:partitionalgo' multiply defined.


LaTeX Warning: Label `table:tub_recacc' multiply defined.


LaTeX Warning: Label `table:sketchcomp' multiply defined.


LaTeX Warning: Label `approx' multiply defined.


LaTeX Warning: Label `eqn:constantlayers' multiply defined.


LaTeX Warning: Label `fig:resnet' multiply defined.


LaTeX Warning: Label `thm:conn' multiply defined.


LaTeX Warning: Label `tab:cifar' multiply defined.


LaTeX Warning: Label `tab:imagenet' multiply defined.

)
\openout1 = `sampleThesis.aux'.

LaTeX Font Info:    Checking defaults for OML/cmm/m/it on input line 85.
LaTeX Font Info:    ... okay on input line 85.
LaTeX Font Info:    Checking defaults for T1/cmr/m/n on input line 85.
LaTeX Font Info:    ... okay on input line 85.
LaTeX Font Info:    Checking defaults for OT1/cmr/m/n on input line 85.
LaTeX Font Info:    ... okay on input line 85.
LaTeX Font Info:    Checking defaults for OMS/cmsy/m/n on input line 85.
LaTeX Font Info:    ... okay on input line 85.
LaTeX Font Info:    Checking defaults for OMX/cmex/m/n on input line 85.
LaTeX Font Info:    ... okay on input line 85.
LaTeX Font Info:    Checking defaults for U/cmr/m/n on input line 85.
LaTeX Font Info:    ... okay on input line 85.
LaTeX Font Info:    Checking defaults for PD1/pdf/m/n on input line 85.
LaTeX Font Info:    ... okay on input line 85.
LaTeX Font Info:    Checking defaults for TS1/cmr/m/n on input line 85.
LaTeX Font Info:    Try loading font information for TS1+cmr on input line 85.
 (/usr/share/texlive/texmf-dist/tex/latex/base/ts1cmr.fd
File: ts1cmr.fd 2014/09/29 v2.5h Standard LaTeX font definitions
)
LaTeX Font Info:    ... okay on input line 85.
LaTeX Font Info:    Try loading font information for OT1+ptm on input line 85.

(/usr/share/texlive/texmf-dist/tex/latex/psnfss/ot1ptm.fd
File: ot1ptm.fd 2001/06/04 font definitions for OT1/ptm.
)
(/usr/share/texlive/texmf-dist/tex/context/base/mkii/supp-pdf.mkii
[Loading MPS to PDF converter (version 2006.09.02).]
\scratchcounter=\count332
\scratchdimen=\dimen272
\scratchbox=\box67
\nofMPsegments=\count333
\nofMParguments=\count334
\everyMPshowfont=\toks35
\MPscratchCnt=\count335
\MPscratchDim=\dimen273
\MPnumerator=\count336
\makeMPintoPDFobject=\count337
\everyMPtoPDFconversion=\toks36
) (/usr/share/texlive/texmf-dist/tex/latex/oberdiek/epstopdf-base.sty
Package: epstopdf-base 2016/05/15 v2.6 Base part for package epstopdf

(/usr/share/texlive/texmf-dist/tex/latex/oberdiek/grfext.sty
Package: grfext 2016/05/16 v1.2 Manage graphics extensions (HO)
)
Package epstopdf-base Info: Redefining graphics rule for `.eps' on input line 4
38.
Package grfext Info: Graphics extension search list:
(grfext)             [.pdf,.jpeg,.png,.PNG,.eps]
(grfext)             \AppendGraphicsExtensions on input line 456.

(/usr/share/texlive/texmf-dist/tex/latex/latexconfig/epstopdf-sys.cfg
File: epstopdf-sys.cfg 2010/07/13 v1.3 Configuration of (r)epstopdf for TeX Liv
e
))
Package caption Info: Begin \AtBeginDocument code.
Package caption Info: float package is loaded.
Package caption Info: hyperref package is loaded.
Package caption Info: longtable package is loaded.

(/usr/share/texlive/texmf-dist/tex/latex/caption/ltcaption.sty
Package: ltcaption 2013/06/09 v1.4-94 longtable captions (AR)
)
Package caption Info: End \AtBeginDocument code.
\AtBeginShipoutBox=\box68
Package hyperref Info: Link coloring OFF on input line 85.

(/usr/share/texlive/texmf-dist/tex/latex/hyperref/nameref.sty
Package: nameref 2016/05/21 v2.44 Cross-referencing by name of section

(/usr/share/texlive/texmf-dist/tex/generic/oberdiek/gettitlestring.sty
Package: gettitlestring 2016/05/16 v1.5 Cleanup title references (HO)
)
\c@section@level=\count338
)
LaTeX Info: Redefining \ref on input line 85.
LaTeX Info: Redefining \pageref on input line 85.
LaTeX Info: Redefining \nameref on input line 85.

(./sampleThesis.out) (./sampleThesis.out)
\@outlinefile=\write3
\openout3 = `sampleThesis.out'.

 (./00-titlePage.tex
LaTeX Font Info:    Font shape `OT1/ptm/bx/n' in size <14.4> not available
(Font)              Font shape `OT1/ptm/b/n' tried instead on input line 4.
LaTeX Font Info:    Try loading font information for OT1+pcr on input line 22.

(/usr/share/texlive/texmf-dist/tex/latex/psnfss/ot1pcr.fd
File: ot1pcr.fd 2001/06/04 font definitions for OT1/pcr.
)
Package epstopdf Info: Source file: <figures/iiit.eps>
(epstopdf)                    date: 2019-07-10 20:40:19
(epstopdf)                    size: 39420 bytes
(epstopdf)             Output file: <figures/iiit-eps-converted-to.pdf>
(epstopdf)                    date: 2019-07-10 20:41:22
(epstopdf)                    size: 6162 bytes
(epstopdf)             Command: <repstopdf --outfile=figures/iiit-eps-converted
-to.pdf figures/iiit.eps>
(epstopdf)             \includegraphics on input line 25.
Package epstopdf Info: Output file is already uptodate.


pdfTeX warning: pdflatex (file ./figures/iiit-eps-converted-to.pdf): PDF inclus
ion: found PDF version <1.7>, but at most version <1.5> allowed
<figures/iiit-eps-converted-to.pdf, id=345, 79.29625pt x 58.2175pt>
File: figures/iiit-eps-converted-to.pdf Graphic file (type pdf)
<use figures/iiit-eps-converted-to.pdf>
Package pdftex.def Info: figures/iiit-eps-converted-to.pdf  used on input line 
25.
(pdftex.def)             Requested size: 39.83385pt x 29.24547pt.
) [1


{/var/lib/texmf/fonts/map/pdftex/updmap/pdftex.map} <./figures/iiit-eps-convert
ed-to.pdf>]
LaTeX Font Info:    Try loading font information for TS1+ptm on input line 98.
 (/usr/share/texlive/texmf-dist/tex/latex/psnfss/ts1ptm.fd
File: ts1ptm.fd 2001/06/04 font definitions for TS1/ptm.
)
[2] (./01-certificate.tex
LaTeX Font Info:    Try loading font information for U+msa on input line 15.

(/usr/share/texlive/texmf-dist/tex/latex/amsfonts/umsa.fd
File: umsa.fd 2013/01/14 v3.01 AMS symbols A
)
LaTeX Font Info:    Try loading font information for U+msb on input line 15.

(/usr/share/texlive/texmf-dist/tex/latex/amsfonts/umsb.fd
File: umsb.fd 2013/01/14 v3.01 AMS symbols B
)
LaTeX Font Info:    Try loading font information for U+lasy on input line 15.

(/usr/share/texlive/texmf-dist/tex/latex/base/ulasy.fd
File: ulasy.fd 1998/08/17 v2.2e LaTeX symbol font definitions
)) [3] [4]
(./02-acknowledgements.tex
Underfull \hbox (badness 10000) in paragraph at lines 1--2

 []


Underfull \hbox (badness 10000) in paragraph at lines 3--4

 []


Underfull \hbox (badness 10000) in paragraph at lines 5--6

 []

) [5

] (./03-abstract.tex
Underfull \hbox (badness 10000) in paragraph at lines 1--2

 []


Underfull \hbox (badness 10000) in paragraph at lines 3--4

 []


Underfull \hbox (badness 10000) in paragraph at lines 5--6

 []

[6

]) [7] (./sampleThesis.toc [8

] [9])
\tf@toc=\write4
\openout4 = `sampleThesis.toc'.

 [10] (./sampleThesis.lof [11

])
\tf@lof=\write5
\openout5 = `sampleThesis.lof'.

 [12]
(./sampleThesis.lot [13

])
\tf@lot=\write6
\openout6 = `sampleThesis.lot'.

 [14]
{\it Chapter} 1.
(./04-introduction.tex
<figures/challenges.png, id=685, 1736.4875pt x 761.84625pt>
File: figures/challenges.png Graphic file (type png)
<use figures/challenges.png>
Package pdftex.def Info: figures/challenges.png  used on input line 3.
(pdftex.def)             Requested size: 406.51599pt x 178.34802pt.
 [1

 <./figures/challenges.png>]
LaTeX Font Info:    Font shape `OT1/ptm/bx/n' in size <10.95> not available
(Font)              Font shape `OT1/ptm/b/n' tried instead on input line 19.
LaTeX Font Info:    Font shape `OT1/ptm/bx/it' in size <10.95> not available
(Font)              Font shape `OT1/ptm/b/it' tried instead on input line 32.

Underfull \hbox (badness 10000) in paragraph at lines 48--49

 []

[2]
Underfull \hbox (badness 10000) in paragraph at lines 69--70

 []

[3]
Underfull \hbox (badness 10000) in paragraph at lines 75--76

 []


Underfull \hbox (badness 10000) in paragraph at lines 77--78

 []


Underfull \hbox (badness 10000) in paragraph at lines 79--80

 []

[4]
Overfull \hbox (5.37225pt too wide) in paragraph at lines 98--99
[]\OT1/ptm/m/n/10.95 We pro-vide memory-efficient im-ple-men-ta-tions of Con-vo
-lu-tional (X-Conv) lay-ers us-ing sparse
 []

[5]) [6]
{\it Chapter} 2.
(./05-related.tex
LaTeX Font Info:    Font shape `OT1/ptm/bx/n' in size <12> not available
(Font)              Font shape `OT1/ptm/b/n' tried instead on input line 7.
 [7

]
Underfull \hbox (badness 10000) in paragraph at lines 13--14

 []

Missing character: There is no â in font ptmr7t!
Missing character: There is no € in font ptmr7t!
Missing character: There is no ™ in font ptmr7t!

Underfull \hbox (badness 10000) in paragraph at lines 28--29

 []

[8]
Missing character: There is no â in font cmr10!
Missing character: There is no ˆ in font cmr10!
Missing character: There is no — in font cmr10!
Missing character: There is no â in font cmr10!
Missing character: There is no ˆ in font cmr10!
Missing character: There is no — in font cmr10!
Missing character: There is no â in font cmr10!
Missing character: There is no ˆ in font cmr10!
Missing character: There is no — in font cmr10!
 [9]
Underfull \hbox (badness 10000) in paragraph at lines 46--47

 []


Underfull \hbox (badness 10000) in paragraph at lines 48--49

 []


Underfull \hbox (badness 10000) in paragraph at lines 54--55

 []


Underfull \hbox (badness 10000) in paragraph at lines 56--57

 []

[10]) [11]
{\it Chapter} 3.
(./06-distribution-aware-binarization.tex
<figures/MainDiagram-CVPR.pdf, id=949, 1415.2875pt x 1063.975pt>
File: figures/MainDiagram-CVPR.pdf Graphic file (type pdf)
<use figures/MainDiagram-CVPR.pdf>
Package pdftex.def Info: figures/MainDiagram-CVPR.pdf  used on input line 15.
(pdftex.def)             Requested size: 203.258pt x 152.80316pt.

Underfull \hbox (badness 10000) in paragraph at lines 22--23

 []


Underfull \hbox (badness 10000) in paragraph at lines 24--25

 []

[12

 <./figures/MainDiagram-CVPR.pdf>] [13]
Underfull \hbox (badness 10000) in paragraph at lines 52--53

 []


Underfull \hbox (badness 10000) in paragraph at lines 58--59

 []

[14]
Underfull \hbox (badness 10000) in paragraph at lines 66--71

 []

Package hyperref Info: bookmark level for unknown algorithm defaults to 0 on in
put line 81.

Underfull \hbox (badness 10000) in paragraph at lines 112--113

 []


Package hyperref Warning: Token not allowed in a PDF string (PDFDocEncoding):
(hyperref)                removing `math shift' on input line 114.


Package hyperref Warning: Token not allowed in a PDF string (PDFDocEncoding):
(hyperref)                removing `math shift' on input line 114.

[15] [16] [17]
Underfull \hbox (badness 10000) in paragraph at lines 209--210

 []

[18]
Underfull \hbox (badness 10000) in paragraph at lines 211--212

 []


Underfull \hbox (badness 10000) in paragraph at lines 213--214

 []


Underfull \hbox (badness 10000) in paragraph at lines 215--216

 []

<figures/figure21222324.pdf, id=1025, page=1, 867.24pt x 433.62pt>
File: figures/figure21222324.pdf Graphic file (type pdf)
<use figures/figure21222324.pdf, page 1>
Package pdftex.def Info: figures/figure21222324.pdf , page1 used on input line 
284.
(pdftex.def)             Requested size: 225.84375pt x 112.91718pt.
<figures/figure21222324.pdf, id=1026, page=2, 867.24pt x 433.62pt>
File: figures/figure21222324.pdf Graphic file (type pdf)
<use figures/figure21222324.pdf, page 2>
Package pdftex.def Info: figures/figure21222324.pdf , page2 used on input line 
285.
(pdftex.def)             Requested size: 225.84375pt x 112.91718pt.
<figures/figure21222324.pdf, id=1027, page=3, 867.24pt x 433.62pt>
File: figures/figure21222324.pdf Graphic file (type pdf)
<use figures/figure21222324.pdf, page 3>
Package pdftex.def Info: figures/figure21222324.pdf , page3 used on input line 
287.
(pdftex.def)             Requested size: 225.84375pt x 112.91718pt.
<figures/figure21222324.pdf, id=1028, page=4, 867.24pt x 433.62pt>
File: figures/figure21222324.pdf Graphic file (type pdf)
<use figures/figure21222324.pdf, page 4>
Package pdftex.def Info: figures/figure21222324.pdf , page4 used on input line 
287.
(pdftex.def)             Requested size: 225.84375pt x 112.91718pt.

Overfull \hbox (24.0pt too wide) in paragraph at lines 283--290
 [] 
 []

<figures/figure_1.pdf, id=1029, 578.16pt x 433.62pt>
File: figures/figure_1.pdf Graphic file (type pdf)
<use figures/figure_1.pdf>
Package pdftex.def Info: figures/figure_1.pdf  used on input line 298.
(pdftex.def)             Requested size: 225.84375pt x 169.38239pt.
<figures/figure_3.pdf, id=1030, 578.16pt x 433.62pt>
File: figures/figure_3.pdf Graphic file (type pdf)
<use figures/figure_3.pdf>
Package pdftex.def Info: figures/figure_3.pdf  used on input line 299.
(pdftex.def)             Requested size: 225.84375pt x 169.38239pt.

Overfull \hbox (24.0pt too wide) in paragraph at lines 297--302
 [] 
 []


Underfull \hbox (badness 10000) in paragraph at lines 309--310

 []

[19]

Package hyperref Warning: Token not allowed in a PDF string (PDFDocEncoding):
(hyperref)                removing `math shift' on input line 325.


Package hyperref Warning: Token not allowed in a PDF string (PDFDocEncoding):
(hyperref)                removing `\alpha' on input line 325.


Package hyperref Warning: Token not allowed in a PDF string (PDFDocEncoding):
(hyperref)                removing `math shift' on input line 325.


Package hyperref Warning: Token not allowed in a PDF string (PDFDocEncoding):
(hyperref)                removing `math shift' on input line 325.


Package hyperref Warning: Token not allowed in a PDF string (PDFDocEncoding):
(hyperref)                removing `\beta' on input line 325.


Package hyperref Warning: Token not allowed in a PDF string (PDFDocEncoding):
(hyperref)                removing `math shift' on input line 325.

[20]

Package hyperref Warning: Token not allowed in a PDF string (PDFDocEncoding):
(hyperref)                removing `math shift' on input line 329.


Package hyperref Warning: Token not allowed in a PDF string (PDFDocEncoding):
(hyperref)                removing `math shift' on input line 329.


Underfull \hbox (badness 10000) in paragraph at lines 331--332

 []

) [21] [22 <./figures/figure21222324.pdf> <./figures/figure21222324.pdf> <./fig
ures/figure21222324.pdf> <./figures/figure21222324.pdf>] [23 <./figures/figure_
1.pdf> <./figures/figure_3.pdf

pdfTeX warning: pdflatex (file ./figures/figure_3.pdf): PDF inclusion: multiple
 pdfs with page group included in a single page
>]
{\it Chapter} 4.
(./07-hybrid-binary-networks.tex
<figures/Intro-Diagram.png, id=1166, 565.11125pt x 437.635pt>
File: figures/Intro-Diagram.png Graphic file (type png)
<use figures/Intro-Diagram.png>
Package pdftex.def Info: figures/Intro-Diagram.png  used on input line 5.
(pdftex.def)             Requested size: 361.35136pt x 279.84503pt.

Underfull \hbox (badness 10000) in paragraph at lines 12--13

 []

[24

 <./figures/Intro-Diagram.png>]
<figures/metric.pdf, id=1175, 1028.40216pt x 368.57701pt>
File: figures/metric.pdf Graphic file (type pdf)
<use figures/metric.pdf>
Package pdftex.def Info: figures/metric.pdf  used on input line 19.
(pdftex.def)             Requested size: 451.6875pt x 161.88754pt.
 [25 <./figures/metric.pdf>]
Underfull \hbox (badness 10000) in paragraph at lines 30--31

 []


Underfull \hbox (badness 10000) in paragraph at lines 32--33

 []


Underfull \hbox (badness 10000) in paragraph at lines 38--39

 []

<figures/Main-Algo-Diagram.png, id=1235, 2259.44125pt x 544.0325pt>
File: figures/Main-Algo-Diagram.png Graphic file (type png)
<use figures/Main-Algo-Diagram.png>
Package pdftex.def Info: figures/Main-Algo-Diagram.png  used on input line 86.
(pdftex.def)             Requested size: 451.6875pt x 108.75476pt.

Underfull \hbox (badness 10000) in paragraph at lines 91--92

 []

[26] [27]
Underfull \hbox (badness 10000) in paragraph at lines 96--97

 []


Underfull \hbox (badness 10000) in paragraph at lines 103--104

 []

[28 <./figures/Main-Algo-Diagram.png>]
Overfull \hbox (28.14676pt too wide) in paragraph at lines 108--109
\OT1/ptm/m/n/10.95 Binary Net-works have achieved ac-cu-ra-cies com-pa-ra-ble t
o full-precision net-works on lim-ited do-main/simplified
 []


Underfull \hbox (badness 10000) in paragraph at lines 108--109

 []


Underfull \hbox (badness 10000) in paragraph at lines 110--111

 []


Underfull \hbox (badness 10000) in paragraph at lines 112--113

 []


Underfull \hbox (badness 10000) in paragraph at lines 114--115

 []


Underfull \hbox (badness 10000) in paragraph at lines 157--158

 []

[29]
Underfull \hbox (badness 10000) in paragraph at lines 159--160

 []


Underfull \hbox (badness 10000) in paragraph at lines 218--219

 []


Underfull \hbox (badness 10000) in paragraph at lines 220--221

 []

<figures/Figure_1.pdf, id=1275, 578.16pt x 433.62pt>
File: figures/Figure_1.pdf Graphic file (type pdf)
<use figures/Figure_1.pdf>
Package pdftex.def Info: figures/Figure_1.pdf  used on input line 225.
(pdftex.def)             Requested size: 225.84375pt x 169.38239pt.
<figures/Figure_2.pdf, id=1276, 612.12692pt x 436.5108pt>
File: figures/Figure_2.pdf Graphic file (type pdf)
<use figures/Figure_2.pdf>
Package pdftex.def Info: figures/Figure_2.pdf  used on input line 226.
(pdftex.def)             Requested size: 225.84375pt x 161.04688pt.

Overfull \hbox (24.0pt too wide) in paragraph at lines 224--229
 [][] 
 []

[30]
Underfull \hbox (badness 10000) in paragraph at lines 258--259

 []


Underfull \hbox (badness 10000) in paragraph at lines 260--261

 []


Underfull \hbox (badness 10000) in paragraph at lines 262--263

 []


Underfull \hbox (badness 10000) in paragraph at lines 264--265

 []

[31] [32]

Package hyperref Warning: Token not allowed in a PDF string (PDFDocEncoding):
(hyperref)                removing `math shift' on input line 271.


Package hyperref Warning: Token not allowed in a PDF string (PDFDocEncoding):
(hyperref)                removing `math shift' on input line 271.


Underfull \hbox (badness 10000) in paragraph at lines 272--273

 []


Underfull \hbox (badness 10000) in paragraph at lines 274--275

 []

[33 <./figures/Figure_1.pdf> <./figures/Figure_2.pdf

pdfTeX warning: pdflatex (file ./figures/Figure_2.pdf): PDF inclusion: multiple
 pdfs with page group included in a single page
>]
Underfull \hbox (badness 10000) in paragraph at lines 279--280

 []


Underfull \hbox (badness 10000) in paragraph at lines 307--308

 []


Underfull \hbox (badness 10000) in paragraph at lines 312--313

 []

[34]
Underfull \hbox (badness 10000) in paragraph at lines 314--315

 []

[35]) [36]
{\it Chapter} 5.
(./08-deep-expander-networks.tex
<figures/Expander2.png, id=1434, 1195.46625pt x 1420.30624pt>
File: figures/Expander2.png Graphic file (type png)
<use figures/Expander2.png>
Package pdftex.def Info: figures/Expander2.png  used on input line 4.
(pdftex.def)             Requested size: 180.67224pt x 214.64047pt.
 [37

 <./figures/Expander2.png>]
Underfull \hbox (badness 10000) in paragraph at lines 14--15

 []


Underfull \hbox (badness 10000) in paragraph at lines 21--22

 []


Underfull \hbox (badness 10000) in paragraph at lines 23--24

 []


Underfull \hbox (badness 10000) in paragraph at lines 25--26

 []


Underfull \hbox (badness 10000) in paragraph at lines 27--28

 []


Underfull \hbox (badness 10000) in paragraph at lines 29--31

 []

[38]
Underfull \hbox (badness 10000) in paragraph at lines 32--33

 []


Underfull \hbox (badness 10000) in paragraph at lines 34--35

 []

<figures/Expander.png, id=1448, 2151.03625pt x 1053.9375pt>
File: figures/Expander.png Graphic file (type png)
<use figures/Expander.png>
Package pdftex.def Info: figures/Expander.png  used on input line 41.
(pdftex.def)             Requested size: 451.6875pt x 221.30124pt.

Underfull \hbox (badness 10000) in paragraph at lines 50--51

 []


Underfull \hbox (badness 10000) in paragraph at lines 52--53

 []


Underfull \hbox (badness 10000) in paragraph at lines 54--55

 []


Underfull \hbox (badness 10000) in paragraph at lines 60--61

 []

[39]
Underfull \hbox (badness 10000) in paragraph at lines 69--70

 []

[40 <./figures/Expander.png>]
Underfull \hbox (badness 10000) in paragraph at lines 87--88

 []


Underfull \hbox (badness 10000) in paragraph at lines 101--102

 []


Package caption Warning: \label without proper reference on input line 96.
See the caption package documentation for explanation.


LaTeX Warning: Reference `alg:cnnalgo' on page 41 undefined on input line 103.

[41]
<figures/mobilenet.png, id=1473, 861.71938pt x 485.815pt>
File: figures/mobilenet.png Graphic file (type png)
<use figures/mobilenet.png>
Package pdftex.def Info: figures/mobilenet.png  used on input line 108.
(pdftex.def)             Requested size: 248.42949pt x 140.0599pt.
<figures/cifar10flops.png, id=1476, 620.3175pt x 463.7325pt>
File: figures/cifar10flops.png Graphic file (type png)
<use figures/cifar10flops.png>
Package pdftex.def Info: figures/cifar10flops.png  used on input line 120.
(pdftex.def)             Requested size: 225.84375pt x 168.83286pt.
<figures/cifar100flops.png, id=1477, 627.34375pt x 481.8pt>
File: figures/cifar100flops.png Graphic file (type png)
<use figures/cifar100flops.png>
Package pdftex.def Info: figures/cifar100flops.png  used on input line 120.
(pdftex.def)             Requested size: 225.84375pt x 173.44786pt.

Overfull \hbox (24.0pt too wide) in paragraph at lines 119--124
[][] 
 []


Underfull \hbox (badness 10000) in paragraph at lines 117--131

 []

[42 <./figures/mobilenet.png>]
Underfull \hbox (badness 10000) in paragraph at lines 137--138

 []


Underfull \hbox (badness 10000) in paragraph at lines 139--140

 []

<figures/resnet.png, id=1493, 594.22pt x 487.8225pt>
File: figures/resnet.png Graphic file (type png)
<use figures/resnet.png>
Package pdftex.def Info: figures/resnet.png  used on input line 143.
(pdftex.def)             Requested size: 248.42949pt x 203.94615pt.

Underfull \hbox (badness 10000) in paragraph at lines 182--183

 []

[43 <./figures/cifar10flops.png> <./figures/cifar100flops.png>] [44 <./figures/
resnet.png>]
Underfull \hbox (badness 10000) in paragraph at lines 184--186

 []


Underfull \hbox (badness 10000) in paragraph at lines 187--188

 []


Underfull \hbox (badness 10000) in paragraph at lines 189--191

 []


Underfull \hbox (badness 10000) in paragraph at lines 240--241

 []

[45]
Overfull \hbox (2.40411pt too wide) in paragraph at lines 242--243
\OT1/ptm/m/n/10.95 We re-peated the ex-per-i-ments with in-de-pen-dent sam-plin
g of ran-dom ex-panders on the VGG and DenseNet
 []


Underfull \hbox (badness 10000) in paragraph at lines 242--243

 []


Underfull \hbox (badness 10000) in paragraph at lines 244--245

 []

[46]
<figures/ultrawide.png, id=1532, 669.50125pt x 468.75125pt>
File: figures/ultrawide.png Graphic file (type png)
<use figures/ultrawide.png>
Package pdftex.def Info: figures/ultrawide.png  used on input line 307.
(pdftex.def)             Requested size: 225.84375pt x 158.12161pt.
<figures/ultradeep.png, id=1533, 667.49374pt x 490.83376pt>
File: figures/ultradeep.png Graphic file (type png)
<use figures/ultradeep.png>
Package pdftex.def Info: figures/ultradeep.png  used on input line 308.
(pdftex.def)             Requested size: 225.84375pt x 166.07239pt.

Overfull \hbox (24.0pt too wide) in paragraph at lines 305--311
[][] 
 []


Underfull \hbox (badness 10000) in paragraph at lines 315--316

 []


Underfull \hbox (badness 10000) in paragraph at lines 317--318

 []


Underfull \hbox (badness 10000) in paragraph at lines 319--320

 []


Overfull \hbox (1.37529pt too wide) in paragraph at lines 321--322
\OT1/ptm/m/n/10.95 forms X-DenseNet-BC-58-60 and wider X-DenseNet-40-200 out-pe
r-forms X-DenseNet-BC-40-100 with
 []


Underfull \hbox (badness 10000) in paragraph at lines 321--322

 []

[47]) [48 <./figures/ultrawide.png> <./figures/ultradeep.png>]
{\it Chapter} 6.
(./09-conclusion.tex
Underfull \hbox (badness 10000) in paragraph at lines 1--2

 []


Underfull \hbox (badness 10000) in paragraph at lines 3--4

 []


Underfull \hbox (badness 10000) in paragraph at lines 5--6

 []


Underfull \hbox (badness 10000) in paragraph at lines 7--8

 []

[49

]) [50] (./10-relatedPapers.tex) [51

]
{\it Appendix} A.
(./12-appendix.tex

Package hyperref Warning: Token not allowed in a PDF string (PDFDocEncoding):
(hyperref)                removing `math shift' on input line 14.


Package hyperref Warning: Token not allowed in a PDF string (PDFDocEncoding):
(hyperref)                removing `\setbox' on input line 14.


Package hyperref Warning: Token not allowed in a PDF string (PDFDocEncoding):
(hyperref)                removing `\z@' on input line 14.


Package hyperref Warning: Token not allowed in a PDF string (PDFDocEncoding):
(hyperref)                removing `\hbox' on input line 14.


Package hyperref Warning: Token not allowed in a PDF string (PDFDocEncoding):
(hyperref)                removing `\frozen@everymath' on input line 14.


Package hyperref Warning: Token not allowed in a PDF string (PDFDocEncoding):
(hyperref)                removing `\@emptytoks' on input line 14.


Package hyperref Warning: Token not allowed in a PDF string (PDFDocEncoding):
(hyperref)                removing `\mathsurround' on input line 14.


Package hyperref Warning: Token not allowed in a PDF string (PDFDocEncoding):
(hyperref)                removing `\z@' on input line 14.


Package hyperref Warning: Token not allowed in a PDF string (PDFDocEncoding):
(hyperref)                removing `math shift' on input line 14.


Package hyperref Warning: Token not allowed in a PDF string (PDFDocEncoding):
(hyperref)                removing `\@@textstyle' on input line 14.


Package hyperref Warning: Token not allowed in a PDF string (PDFDocEncoding):
(hyperref)                removing `\chardef' on input line 14.


Package hyperref Warning: Token not allowed in a PDF string (PDFDocEncoding):
(hyperref)                removing `\mathstyle' on input line 14.


Package hyperref Warning: Token not allowed in a PDF string (PDFDocEncoding):
(hyperref)                removing `\tw@' on input line 14.


Package hyperref Warning: Token not allowed in a PDF string (PDFDocEncoding):
(hyperref)                removing `math shift' on input line 14.


Package hyperref Warning: Token not allowed in a PDF string (PDFDocEncoding):
(hyperref)                removing `\mathaccent' on input line 14.


Package hyperref Warning: Token not allowed in a PDF string (PDFDocEncoding):
(hyperref)                removing `math shift' on input line 14.

\c@name2=\count339

Underfull \hbox (badness 10000) in paragraph at lines 33--33
$\OT1/cmr/bx/n/10.95 E \OT1/cmr/m/n/10.95 = \OT1/cmr/bx/n/10.95 W[]W |  \OT1/cm
r/m/n/10.95 + \OML/cmm/m/it/10.95 [] |  \OMS/cmsy/m/n/10.95 ^^A \OT1/cmr/bx/n/
10.95 e[]e |  \OT1/cmr/m/n/10.95 + \OML/cmm/m/it/10.95 ^^L[][][][] 
 []


Underfull \hbox (badness 10000) in paragraph at lines 33--33
|  \OMS/cmsy/m/n/10.95 ^^@ \OT1/cmr/m/n/10.95 2\OML/cmm/m/it/10.95  |  \OMS/cm
sy/m/n/10.95 ^^A \OT1/cmr/bx/n/10.95 W[]e |  \OMS/cmsy/m/n/10.95 ^^@ \OT1/cmr/m
/n/10.95 2\OML/cmm/m/it/10.95 ^^L |  \OMS/cmsy/m/n/10.95 ^^A \OT1/cmr/bx/n/10.9
5 W[]\OT1/cmr/m/n/10.95 ([]) |  + 2\OML/cmm/m/it/10.95 ^^L\OT1/cmr/bx/n/10.95 
e[][]|$ 
 []


Underfull \hbox (badness 10000) detected at line 33
|  \OMS/cmsy/m/n/10.95 ^^@ \OT1/cmr/m/n/10.95 2\OML/cmm/m/it/10.95  |  \OMS/cm
sy/m/n/10.95 ^^A \OT1/cmr/bx/n/10.95 W[]e |  \OMS/cmsy/m/n/10.95 ^^@ \OT1/cmr/m
/n/10.95 2\OML/cmm/m/it/10.95 ^^L |  \OMS/cmsy/m/n/10.95 ^^A \OT1/cmr/bx/n/10.9
5 W[]\OT1/cmr/m/n/10.95 ([]) |  + 2\OML/cmm/m/it/10.95 ^^L\OT1/cmr/bx/n/10.95 
e[][]|$ 
 []


Underfull \hbox (badness 10000) detected at line 33
|  \OMS/cmsy/m/n/10.95 ^^@ \OT1/cmr/m/n/10.95 2\OML/cmm/m/it/10.95  |  \OMS/cm
sy/m/n/10.95 ^^A \OT1/cmr/bx/n/10.95 W[]e |  \OMS/cmsy/m/n/10.95 ^^@ \OT1/cmr/m
/n/10.95 2\OML/cmm/m/it/10.95 ^^L |  \OMS/cmsy/m/n/10.95 ^^A \OT1/cmr/bx/n/10.9
5 W[]\OT1/cmr/m/n/10.95 ([]) |  + 2\OML/cmm/m/it/10.95 ^^L\OT1/cmr/bx/n/10.95 
e[][]|$ 
 []


Underfull \hbox (badness 10000) detected at line 33
$\OT1/cmr/bx/n/10.95 E \OT1/cmr/m/n/10.95 = \OT1/cmr/bx/n/10.95 W[]W |  \OT1/cm
r/m/n/10.95 + \OML/cmm/m/it/10.95 [] |  \OMS/cmsy/m/n/10.95 ^^A \OT1/cmr/bx/n/
10.95 e[]e |  \OT1/cmr/m/n/10.95 + \OML/cmm/m/it/10.95 ^^L[][][][] 
 []


Underfull \hbox (badness 10000) in paragraph at lines 33--33
$[] \OT1/cmr/m/n/10.95 = \OT1/cmr/bx/n/10.95 W[]W |  \OT1/cmr/m/n/10.95 + \OML/
cmm/m/it/10.95 [] |  \OMS/cmsy/m/n/10.95 ^^A \OT1/cmr/bx/n/10.95 e[]e |  \OT1/
cmr/m/n/10.95 + \OML/cmm/m/it/10.95 ^^L[][][][] 
 []


Underfull \hbox (badness 10000) in paragraph at lines 33--33
|  \OMS/cmsy/m/n/10.95 ^^@ \OT1/cmr/m/n/10.95 2\OML/cmm/m/it/10.95  |  \OMS/cm
sy/m/n/10.95 ^^A \OT1/cmr/bx/n/10.95 W[]e |  \OMS/cmsy/m/n/10.95 ^^@ \OT1/cmr/m
/n/10.95 2\OML/cmm/m/it/10.95 ^^L |  \OMS/cmsy/m/n/10.95 ^^A \OT1/cmr/bx/n/10.9
5 W[]\OT1/cmr/m/n/10.95 ([]) |  + 2\OML/cmm/m/it/10.95 ^^L\OT1/cmr/bx/n/10.95 
e[][]|$ 
 []


Underfull \hbox (badness 10000) detected at line 33
|  \OMS/cmsy/m/n/10.95 ^^@ \OT1/cmr/m/n/10.95 2\OML/cmm/m/it/10.95  |  \OMS/cm
sy/m/n/10.95 ^^A \OT1/cmr/bx/n/10.95 W[]e |  \OMS/cmsy/m/n/10.95 ^^@ \OT1/cmr/m
/n/10.95 2\OML/cmm/m/it/10.95 ^^L |  \OMS/cmsy/m/n/10.95 ^^A \OT1/cmr/bx/n/10.9
5 W[]\OT1/cmr/m/n/10.95 ([]) |  + 2\OML/cmm/m/it/10.95 ^^L\OT1/cmr/bx/n/10.95 
e[][]|$ 
 []


Underfull \hbox (badness 10000) detected at line 33
|  \OMS/cmsy/m/n/10.95 ^^@ \OT1/cmr/m/n/10.95 2\OML/cmm/m/it/10.95  |  \OMS/cm
sy/m/n/10.95 ^^A \OT1/cmr/bx/n/10.95 W[]e |  \OMS/cmsy/m/n/10.95 ^^@ \OT1/cmr/m
/n/10.95 2\OML/cmm/m/it/10.95 ^^L |  \OMS/cmsy/m/n/10.95 ^^A \OT1/cmr/bx/n/10.9
5 W[]\OT1/cmr/m/n/10.95 ([]) |  + 2\OML/cmm/m/it/10.95 ^^L\OT1/cmr/bx/n/10.95 
e[][]|$ 
 []


Underfull \hbox (badness 10000) detected at line 33
$[] \OT1/cmr/m/n/10.95 = \OT1/cmr/bx/n/10.95 W[]W |  \OT1/cmr/m/n/10.95 + \OML/
cmm/m/it/10.95 [] |  \OMS/cmsy/m/n/10.95 ^^A \OT1/cmr/bx/n/10.95 e[]e |  \OT1/
cmr/m/n/10.95 + \OML/cmm/m/it/10.95 ^^L[][][][] 
 []

[52

]
Underfull \hbox (badness 7759) in paragraph at lines 47--47
$\OT1/cmr/bx/n/10.95 E \OT1/cmr/m/n/10.95 = 
 []


Underfull \hbox (badness 7759) detected at line 47
$\OT1/cmr/bx/n/10.95 E \OT1/cmr/m/n/10.95 = 
 []


Underfull \hbox (badness 7759) in paragraph at lines 47--47
$[] \OT1/cmr/m/n/10.95 = 
 []


Underfull \hbox (badness 7759) detected at line 47
$[] \OT1/cmr/m/n/10.95 = 
 []


Underfull \hbox (badness 10000) in paragraph at lines 62--65

 []

[53]
Underfull \hbox (badness 10000) in paragraph at lines 66--68

 []


Underfull \hbox (badness 10000) in paragraph at lines 77--78

 []

[54] [55]
Underfull \hbox (badness 10000) in paragraph at lines 124--126

 []


Underfull \hbox (badness 10000) in paragraph at lines 137--138

 []

[56]
Underfull \hbox (badness 10000) in paragraph at lines 140--141

 []


Underfull \hbox (badness 10000) in paragraph at lines 150--154

 []

[57]
Overfull \hbox (13.33118pt too wide) in paragraph at lines 159--161
\OT1/ptm/m/n/10.95 The par-ti-tion-ing al-go-rithm clus-tered these lay-ers to 
mark them for full-binarization and weight-binarization.
 []

[58] [59] [60] [61] [62

]
<./figures/Sketchanet-Final.png, id=1626, 2288.55pt x 2017.5375pt>
File: ./figures/Sketchanet-Final.png Graphic file (type png)
<use ./figures/Sketchanet-Final.png>
Package pdftex.def Info: ./figures/Sketchanet-Final.png  used on input line 294
.
(pdftex.def)             Requested size: 2288.54445pt x 2017.53261pt.
<./figures/Resnet-Final.png, id=1627, 2974.11125pt x 2961.0625pt>
File: ./figures/Resnet-Final.png Graphic file (type png)
<use ./figures/Resnet-Final.png>
Package pdftex.def Info: ./figures/Resnet-Final.png  used on input line 303.
(pdftex.def)             Requested size: 2974.10403pt x 2961.05531pt.
<./figures/Squeezenet-Final.png, id=1628, 3040.35875pt x 2922.92pt>
File: ./figures/Squeezenet-Final.png Graphic file (type png)
<use ./figures/Squeezenet-Final.png>
Package pdftex.def Info: ./figures/Squeezenet-Final.png  used on input line 311
.
(pdftex.def)             Requested size: 3040.35138pt x 2922.9129pt.
<./figures/AlexNet-Final.png, id=1629, 2337.73375pt x 2025.5675pt>
File: ./figures/AlexNet-Final.png Graphic file (type png)
<use ./figures/AlexNet-Final.png>
Package pdftex.def Info: ./figures/AlexNet-Final.png  used on input line 319.
(pdftex.def)             Requested size: 2337.72807pt x 2025.56258pt.
) [63 <./figures/Sketchanet-Final.png>] [64 <./figures/Resnet-Final.png>] [65 <
./figures/Squeezenet-Final.png>] [66 <./figures/AlexNet-Final.png>]
{\it Appendix} B.
(./11-appendix.tex
Underfull \hbox (badness 10000) in paragraph at lines 15--16

 []

[67

] [68]
Underfull \hbox (badness 10000) in paragraph at lines 41--42

 []

[69]
Underfull \hbox (badness 10000) in paragraph at lines 148--149

 []


Underfull \hbox (badness 10000) in paragraph at lines 150--151

 []


LaTeX Warning: Citation `zhang2017shufflenet' on page 70 undefined on input lin
e 187.


Underfull \hbox (badness 10000) in paragraph at lines 187--188

 []

[70]
Underfull \hbox (badness 10000) in paragraph at lines 246--247

 []

[71]
Underfull \hbox (badness 10000) in paragraph at lines 248--249

 []

[72]
Underfull \hbox (badness 10000) in paragraph at lines 250--251

 []

) (./sampleThesis.bbl [73] [74]
Underfull \hbox (badness 1721) in paragraph at lines 65--68
[]\OT1/ptm/m/n/10 M. D. Collins and P. Kohli.  Mem-ory bounded deep con-vo-lu-t
ional net-works.  \OT1/ptm/m/it/10 arXiv preprint
 []

[75

] [76] [77] [78])
Package atveryend Info: Empty hook `BeforeClearDocument' on input line 171.
 [79]
Package atveryend Info: Empty hook `AfterLastShipout' on input line 171.
 (./sampleThesis.aux)
Package atveryend Info: Executing hook `AtVeryEndDocument' on input line 171.
Package atveryend Info: Executing hook `AtEndAfterFileList' on input line 171.
Package rerunfilecheck Info: File `sampleThesis.out' has not changed.
(rerunfilecheck)             Checksum: FB1AE548EA14FD01BC3D5102B001C66F;6187.


LaTeX Warning: There were undefined references.


LaTeX Warning: There were multiply-defined labels.

Package atveryend Info: Empty hook `AtVeryVeryEnd' on input line 171.
 ) 
Here is how much of TeX's memory you used:
 20847 strings out of 492982
 352849 string characters out of 6134896
 571312 words of memory out of 5000000
 23633 multiletter control sequences out of 15000+600000
 573270 words of font info for 123 fonts, out of 8000000 for 9000
 1144 hyphenation exceptions out of 8191
 53i,16n,92p,10383b,494s stack positions out of 5000i,500n,10000p,200000b,80000s
pdfTeX warning (dest): name{Hfootnote.5} has been referenced but does not exi
st, replaced by a fixed one

pdfTeX warning (dest): name{Hfootnote.4} has been referenced but does not exist
, replaced by a fixed one

pdfTeX warning (dest): name{Hfootnote.2} has been referenced but does not exist
, replaced by a fixed one

{/usr/share/texlive/texmf-dist/fonts/enc/dvips/base/8r.enc}</usr/share/texlive/
texmf-dist/fonts/type1/public/amsfonts/cm/cmbx10.pfb></usr/share/texlive/texmf-
dist/fonts/type1/public/amsfonts/cm/cmbx12.pfb></usr/share/texlive/texmf-dist/f
onts/type1/public/amsfonts/cm/cmbx6.pfb></usr/share/texlive/texmf-dist/fonts/ty
pe1/public/amsfonts/cm/cmbx8.pfb></usr/share/texlive/texmf-dist/fonts/type1/pub
lic/amsfonts/cm/cmex10.pfb></usr/share/texlive/texmf-dist/fonts/type1/public/am
sfonts/cmextra/cmex8.pfb></usr/share/texlive/texmf-dist/fonts/type1/public/amsf
onts/cm/cmmi10.pfb></usr/share/texlive/texmf-dist/fonts/type1/public/amsfonts/c
m/cmmi12.pfb></usr/share/texlive/texmf-dist/fonts/type1/public/amsfonts/cm/cmmi
6.pfb></usr/share/texlive/texmf-dist/fonts/type1/public/amsfonts/cm/cmmi8.pfb><
/usr/share/texlive/texmf-dist/fonts/type1/public/amsfonts/cm/cmr10.pfb></usr/sh
are/texlive/texmf-dist/fonts/type1/public/amsfonts/cm/cmr6.pfb></usr/share/texl
ive/texmf-dist/fonts/type1/public/amsfonts/cm/cmr8.pfb></usr/share/texlive/texm
f-dist/fonts/type1/public/amsfonts/cm/cmsy10.pfb></usr/share/texlive/texmf-dist
/fonts/type1/public/amsfonts/cm/cmsy8.pfb></usr/share/texlive/texmf-dist/fonts/
type1/public/amsfonts/symbols/msam10.pfb></usr/share/texlive/texmf-dist/fonts/t
ype1/public/amsfonts/symbols/msbm10.pfb></usr/share/texlive/texmf-dist/fonts/ty
pe1/urw/courier/ucrr8a.pfb></usr/share/texlive/texmf-dist/fonts/type1/urw/times
/utmb8a.pfb></usr/share/texlive/texmf-dist/fonts/type1/urw/times/utmbi8a.pfb></
usr/share/texlive/texmf-dist/fonts/type1/urw/times/utmr8a.pfb></usr/share/texli
ve/texmf-dist/fonts/type1/urw/times/utmr8a.pfb></usr/share/texlive/texmf-dist/f
onts/type1/urw/times/utmri8a.pfb>
Output written on sampleThesis.pdf (93 pages, 4197828 bytes).
PDF statistics:
 1888 PDF objects out of 2073 (max. 8388607)
 1486 compressed objects within 15 object streams
 360 named destinations out of 1000 (max. 500000)
 811 words of extra memory for PDF output out of 10000 (max. 10000000)

